<?xml version="1.0" encoding="utf-8"?><testsuites name="pytest tests"><testsuite name="pytest" errors="0" failures="0" skipped="0" tests="26" time="6.394" timestamp="2026-05-12T14:36:18.830286+00:00" hostname="agent-env-1ca787b3-5501-47a2-807d-b1ee1691ba46"><testcase classname="backend.tests.test_iteration2.TestSeed" name="test_locales_count_and_names" time="0.235" /><testcase classname="backend.tests.test_iteration2.TestSeed" name="test_canchas_count_10" time="0.116" /><testcase classname="backend.tests.test_iteration2.TestSeed" name="test_locales_have_geo_and_metadata" time="0.134" /><testcase classname="backend.tests.test_iteration2.TestSeed" name="test_canchas_have_items_flags" time="0.244" /><testcase classname="backend.tests.test_iteration2.TestSeed" name="test_cancha_precio_in_cop_integer_thousands" time="0.135" /><testcase classname="backend.tests.test_iteration2.TestTorneosCategoria" name="test_seeded_torneos_have_categoria" time="0.185" /><testcase classname="backend.tests.test_iteration2.TestTorneosCategoria" name="test_create_torneo_with_categoria" time="0.507" /><testcase classname="backend.tests.test_iteration2.TestRegistrosCancha" name="test_create_public_no_auth" time="0.145" /><testcase classname="backend.tests.test_iteration2.TestRegistrosCancha" name="test_admin_can_list" time="0.264" /><testcase classname="backend.tests.test_iteration2.TestRegistrosCancha" name="test_admin_can_update_estado" time="0.354" /><testcase classname="backend.tests.test_iteration2.TestRegistrosCancha" name="test_admin_invalid_estado_rejected" time="0.249" /><testcase classname="backend.tests.test_iteration2.TestRegistrosCancha" name="test_non_admin_cannot_list" time="0.120" /><testcase classname="backend.tests.test_iteration2.TestRegistrosCancha" name="test_non_admin_cannot_update_estado" time="0.250" /><testcase classname="backend.tests.test_iteration2.TestStatsAdmin" name="test_stats_horas_admin" time="0.124" /><testcase classname="backend.tests.test_iteration2.TestStatsAdmin" name="test_stats_horas_non_admin_forbidden" time="0.123" /><testcase classname="backend.tests.test_iteration2.TestStatsAdmin" name="test_stats_horas_unauthenticated" time="0.123" /><testcase classname="backend.tests.test_iteration2.TestStatsAdmin" name="test_stats_ingresos_admin" time="0.124" /><testcase classname="backend.tests.test_iteration2.TestStatsAdmin" name="test_stats_ingresos_non_admin_forbidden" time="0.120" /><testcase classname="backend.tests.test_iteration2.TestCsvExport" name="test_export_bearer_auth" time="0.127" /><testcase classname="backend.tests.test_iteration2.TestCsvExport" name="test_export_query_auth" time="0.116" /><testcase classname="backend.tests.test_iteration2.TestCsvExport" name="test_export_cookie_auth" time="0.216" /><testcase classname="backend.tests.test_iteration2.TestCsvExport" name="test_export_non_admin_forbidden" time="0.127" /><testcase classname="backend.tests.test_iteration2.TestCsvExport" name="test_export_unauthenticated" time="0.157" /><testcase classname="backend.tests.test_iteration2.TestReservaCop" name="test_reserva_precio_is_cop_integer_thousands" time="0.258" /><testcase classname="backend.tests.test_iteration2.TestStripeCop" name="test_checkout_uses_cop_currency" time="1.008" /><testcase classname="backend.tests.test_iteration2.TestDiscountStillWorks" name="test_pricing_with_descuento" time="0.688" /></testsuite></testsuites>