<?xml version="1.0" encoding="utf-8"?><testsuites name="pytest tests"><testsuite name="pytest" errors="0" failures="0" skipped="0" tests="22" time="6.076" timestamp="2026-05-12T14:53:17.288613+00:00" hostname="agent-env-1ca787b3-5501-47a2-807d-b1ee1691ba46"><testcase classname="backend.tests.test_iteration3.TestSeedV4" name="test_locales_count_is_5" time="0.211" /><testcase classname="backend.tests.test_iteration3.TestSeedV4" name="test_locales_have_v4_names" time="0.192" /><testcase classname="backend.tests.test_iteration3.TestSeedV4" name="test_locales_have_real_barranquilla_addresses" time="0.122" /><testcase classname="backend.tests.test_iteration3.TestSeedV4" name="test_locales_have_geo_in_barranquilla_bbox" time="0.170" /><testcase classname="backend.tests.test_iteration3.TestSeedV4" name="test_canchas_total_10" time="0.150" /><testcase classname="backend.tests.test_iteration3.TestSeedV4" name="test_address_url_encoding_compat" time="0.185" /><testcase classname="backend.tests.test_iteration3.TestEmailNormalization" name="test_email_stored_lowercase" time="0.241" /><testcase classname="backend.tests.test_iteration3.TestGetByEmail" name="test_public_get_by_email_returns_user_registros" time="0.428" /><testcase classname="backend.tests.test_iteration3.TestGetByEmail" name="test_get_by_email_case_insensitive" time="0.416" /><testcase classname="backend.tests.test_iteration3.TestGetByEmail" name="test_get_by_email_unknown_returns_empty_list" time="0.128" /><testcase classname="backend.tests.test_iteration3.TestAutoCreateLocalOnApprove" name="test_approval_creates_local_and_canchas" time="0.369" /><testcase classname="backend.tests.test_iteration3.TestAutoCreateLocalOnApprove" name="test_approval_is_idempotent" time="0.399" /><testcase classname="backend.tests.test_iteration3.TestAutoCreateLocalOnApprove" name="test_rechazado_does_not_create_local" time="0.303" /><testcase classname="backend.tests.test_iteration3.TestRegression" name="test_admin_promotion" time="0.130" /><testcase classname="backend.tests.test_iteration3.TestRegression" name="test_get_canchas_public" time="0.148" /><testcase classname="backend.tests.test_iteration3.TestRegression" name="test_stats_horas_admin" time="0.184" /><testcase classname="backend.tests.test_iteration3.TestRegression" name="test_stats_ingresos_admin" time="0.138" /><testcase classname="backend.tests.test_iteration3.TestRegression" name="test_export_csv_admin" time="0.116" /><testcase classname="backend.tests.test_iteration3.TestRegression" name="test_price_calc" time="0.255" /><testcase classname="backend.tests.test_iteration3.TestRegression" name="test_stripe_checkout_uses_cop" time="1.170" /><testcase classname="backend.tests.test_iteration3.TestRegression" name="test_admin_list_registros" time="0.143" /><testcase classname="backend.tests.test_iteration3.TestRegression" name="test_invalid_estado_rejected" time="0.339" /></testsuite></testsuites>