<?xml version="1.0" encoding="utf-8"?><testsuites name="pytest tests"><testsuite name="pytest" errors="0" failures="1" skipped="0" tests="26" time="9.974" timestamp="2026-05-12T14:04:33.294072+00:00" hostname="agent-env-1ca787b3-5501-47a2-807d-b1ee1691ba46"><testcase classname="backend.tests.backend_test.TestAuth" name="test_dev_seed_returns_admin" time="0.308" /><testcase classname="backend.tests.backend_test.TestAuth" name="test_auth_me_with_token" time="0.132" /><testcase classname="backend.tests.backend_test.TestAuth" name="test_auth_me_unauthenticated" time="0.174" /><testcase classname="backend.tests.backend_test.TestAuth" name="test_rbac_user_cannot_access_admin" time="0.252" /><testcase classname="backend.tests.backend_test.TestAuth" name="test_protected_requires_auth" time="0.133" /><testcase classname="backend.tests.backend_test.TestPublicReads" name="test_list_locales" time="0.171" /><testcase classname="backend.tests.backend_test.TestPublicReads" name="test_list_canchas_with_local" time="0.202" /><testcase classname="backend.tests.backend_test.TestPublicReads" name="test_get_single_cancha" time="0.326" /><testcase classname="backend.tests.backend_test.TestPublicReads" name="test_stats" time="0.118" /><testcase classname="backend.tests.backend_test.TestLocalesCRUD" name="test_create_update_delete_local" time="0.773" /><testcase classname="backend.tests.backend_test.TestLocalesCRUD" name="test_create_local_non_admin_forbidden" time="0.139" /><testcase classname="backend.tests.backend_test.TestCanchasCRUD" name="test_canchas_crud" time="0.785" /><testcase classname="backend.tests.backend_test.TestPricing" name="test_calcular_precio_basic" time="0.298" /><testcase classname="backend.tests.backend_test.TestPricing" name="test_calcular_precio_invalid_cancha" time="0.177" /><testcase classname="backend.tests.backend_test.TestDescuentos" name="test_descuento_crud_and_pricing" time="1.743" /><testcase classname="backend.tests.backend_test.TestReservas" name="test_create_reserva" time="0.303" /><testcase classname="backend.tests.backend_test.TestReservas" name="test_conflict_returns_409" time="0.136" /><testcase classname="backend.tests.backend_test.TestReservas" name="test_my_reservas" time="0.133" /><testcase classname="backend.tests.backend_test.TestReservas" name="test_confirm_reserva" time="0.303" /><testcase classname="backend.tests.backend_test.TestReservas" name="test_cancel_reserva" time="0.136" /><testcase classname="backend.tests.backend_test.TestReservas" name="test_admin_list_all" time="0.162" /><testcase classname="backend.tests.backend_test.TestTorneos" name="test_list_torneos" time="0.126" /><testcase classname="backend.tests.backend_test.TestTorneos" name="test_torneo_crud_and_postular" time="0.679" /><testcase classname="backend.tests.backend_test.TestPayments" name="test_checkout_creates_session" time="1.390"><failure message="assert 500 == 200&#10; +  where 500 = &lt;Response [500]&gt;.status_code">backend/tests/backend_test.py:402: in test_checkout_creates_session
    assert s.status_code == 200
E   assert 500 == 200
E    +  where 500 = &lt;Response [500]&gt;.status_code</failure></testcase><testcase classname="backend.tests.backend_test.TestPayments" name="test_status_invalid_session" time="0.146" /><testcase classname="backend.tests.backend_test.TestUpload" name="test_upload_and_serve" time="0.517" /></testsuite></testsuites>