<?xml version="1.0" encoding="utf-8"?><testsuites name="pytest tests"><testsuite name="pytest" errors="0" failures="0" skipped="0" tests="26" time="8.290" timestamp="2026-05-12T14:36:32.345669+00:00" hostname="agent-env-1ca787b3-5501-47a2-807d-b1ee1691ba46"><testcase classname="backend.tests.backend_test.TestAuth" name="test_dev_seed_returns_admin" time="0.144" /><testcase classname="backend.tests.backend_test.TestAuth" name="test_auth_me_with_token" time="0.130" /><testcase classname="backend.tests.backend_test.TestAuth" name="test_auth_me_unauthenticated" time="0.116" /><testcase classname="backend.tests.backend_test.TestAuth" name="test_rbac_user_cannot_access_admin" time="0.119" /><testcase classname="backend.tests.backend_test.TestAuth" name="test_protected_requires_auth" time="0.127" /><testcase classname="backend.tests.backend_test.TestPublicReads" name="test_list_locales" time="0.131" /><testcase classname="backend.tests.backend_test.TestPublicReads" name="test_list_canchas_with_local" time="0.153" /><testcase classname="backend.tests.backend_test.TestPublicReads" name="test_get_single_cancha" time="0.269" /><testcase classname="backend.tests.backend_test.TestPublicReads" name="test_stats" time="0.114" /><testcase classname="backend.tests.backend_test.TestLocalesCRUD" name="test_create_update_delete_local" time="0.623" /><testcase classname="backend.tests.backend_test.TestLocalesCRUD" name="test_create_local_non_admin_forbidden" time="0.114" /><testcase classname="backend.tests.backend_test.TestCanchasCRUD" name="test_canchas_crud" time="0.643" /><testcase classname="backend.tests.backend_test.TestPricing" name="test_calcular_precio_basic" time="0.250" /><testcase classname="backend.tests.backend_test.TestPricing" name="test_calcular_precio_invalid_cancha" time="0.120" /><testcase classname="backend.tests.backend_test.TestDescuentos" name="test_descuento_crud_and_pricing" time="1.711" /><testcase classname="backend.tests.backend_test.TestReservas" name="test_create_reserva" time="0.254" /><testcase classname="backend.tests.backend_test.TestReservas" name="test_conflict_returns_409" time="0.137" /><testcase classname="backend.tests.backend_test.TestReservas" name="test_my_reservas" time="0.146" /><testcase classname="backend.tests.backend_test.TestReservas" name="test_confirm_reserva" time="0.136" /><testcase classname="backend.tests.backend_test.TestReservas" name="test_cancel_reserva" time="0.130" /><testcase classname="backend.tests.backend_test.TestReservas" name="test_admin_list_all" time="0.138" /><testcase classname="backend.tests.backend_test.TestTorneos" name="test_list_torneos" time="0.129" /><testcase classname="backend.tests.backend_test.TestTorneos" name="test_torneo_crud_and_postular" time="0.596" /><testcase classname="backend.tests.backend_test.TestPayments" name="test_checkout_creates_session" time="1.071" /><testcase classname="backend.tests.backend_test.TestPayments" name="test_status_invalid_session" time="0.129" /><testcase classname="backend.tests.backend_test.TestUpload" name="test_upload_and_serve" time="0.517" /></testsuite></testsuites>